<?xml version="1.0" encoding="UTF-8" ?>
<testsuite tests="41" failures="0" name="br.ce.wcaquino.runners.RunnerTest" time="0.128" errors="0" skipped="7">
  <properties>
[...]
</properties>
  <testcase classname="Cenario: Deve executar especificacao" name="Dado que criei o arquivo corretamente" time="0"/>
  <testcase classname="Cenario: Deve executar especificacao" name="Quando executa-lo" time="0"/>
  <testcase classname="Cenario: Deve executar especificacao" name="Entao a especificacao deve finalizar com sucesso" time="0"/>
  <testcase classname="Cenario: Deve executar especificacao" name="Cenario: Deve executar especificacao" time="0"/>
  <testcase classname="Cenario: Deve incrementar contador" name="Dado que o valor do contador é 15" time="0"/>
  <testcase classname="Cenario: Deve incrementar contador" name="Quando eu incrementar em 3" time="0"/>
  <testcase classname="Cenario: Deve incrementar contador" name="Entao o valor do contador sera 18" time="0"/>
  <testcase classname="Cenario: Deve incrementar contador" name="Cenario: Deve incrementar contador" time="0"/>
  <testcase classname="Cenario: Deve incrementar contador" name="Dado que o valor do contador é 123" time="0"/>
  <testcase classname="Cenario: Deve incrementar contador" name="Quando eu incrementar em 35" time="0"/>
  <testcase classname="Cenario: Deve incrementar contador" name="Entao o valor do contador sera 158" time="0"/>
  <testcase classname="Cenario: Deve incrementar contador" name="Cenario: Deve incrementar contador" time="0"/>
  <testcase classname="Cenario: Deve calcular atraso na entrega" name="Dado que a entrega é dia 05/04/2018" time="0"/>
  <testcase classname="Cenario: Deve calcular atraso na entrega" name="Quando a entrega atrasar em 2 dias" time="0"/>
  <testcase classname="Cenario: Deve calcular atraso na entrega" name="Então a entrega será efetuada em 07/04/2018" time="0"/>
  <testcase classname="Cenario: Deve calcular atraso na entrega" name="Cenario: Deve calcular atraso na entrega" time="0"/>
  <testcase classname="Cenario: Deve calcular atraso na entrega da China" name="Dado que a entrega é dia 05/04/2018" time="0"/>
  <testcase classname="Cenario: Deve calcular atraso na entrega da China" name="Quando a entrega atrasar em 2 meses" time="0"/>
  <testcase classname="Cenario: Deve calcular atraso na entrega da China" name="Então a entrega será efetuada em 05/06/2018" time="0"/>
  <testcase classname="Cenario: Deve calcular atraso na entrega da China" name="Cenario: Deve calcular atraso na entrega da China" time="0"/>
  <testcase classname="Cenário: Deve criar steps genéricos para estes passos" name="Dado que o ticket é AF345" time="0"/>
  <testcase classname="Cenário: Deve criar steps genéricos para estes passos" name="E que o valor da passagem é R$ 230,45" time="0"/>
  <testcase classname="Cenário: Deve criar steps genéricos para estes passos" name="E que o nome do passageiro é &quot;Fulano da Silva&quot;" time="0"/>
  <testcase classname="Cenário: Deve criar steps genéricos para estes passos" name="E que o telefone do passageiro é 9999-9999" time="0"/>
  <testcase classname="Cenário: Deve criar steps genéricos para estes passos" name="Quando criar os steps" time="0"/>
  <testcase classname="Cenário: Deve criar steps genéricos para estes passos" name="Então o teste vai funcionar" time="0"/>
  <testcase classname="Cenário: Deve criar steps genéricos para estes passos" name="Cenário: Deve criar steps genéricos para estes passos" time="0"/>
  <testcase classname="Cenário: Deve reaproveitar os steps &quot;Dado&quot; do cenário anterior" name="Dado que o ticket é AB167" time="0"/>
  <testcase classname="Cenário: Deve reaproveitar os steps &quot;Dado&quot; do cenário anterior" name="Dado que o ticket especial é AB167" time="0"/>
  <testcase classname="Cenário: Deve reaproveitar os steps &quot;Dado&quot; do cenário anterior" name="Dado que o valor da passagem é R$ 1120,23" time="0"/>
  <testcase classname="Cenário: Deve reaproveitar os steps &quot;Dado&quot; do cenário anterior" name="Dado que o nome do passageiro é &quot;Cicrano de Oliveira&quot;" time="0"/>
  <testcase classname="Cenário: Deve reaproveitar os steps &quot;Dado&quot; do cenário anterior" name="Dado que o telefone do passageiro é 9888-8888" time="0"/>
  <testcase classname="Cenário: Deve reaproveitar os steps &quot;Dado&quot; do cenário anterior" name="Cenário: Deve reaproveitar os steps &quot;Dado&quot; do cenário anterior" time="0"/>
  <testcase classname="Cenário: Deve negar todos os steps &quot;Dado&quot; dos cenários anteriores" name="Dado que o ticket é CD123" time="0.016">
    <skipped/>
    <system-out>
  Cenário: Deve reaproveitar os steps &quot;Dado&quot; do cenário anterior &amp;#27;[90m# src/test/resources/features/aprender_cucumber.feature:44&amp;#27;[0m
    &amp;#27;[32mDado &amp;#27;[0m&amp;#27;[32mque o ticket é &amp;#27;[0m&amp;#27;[32m&amp;#27;[1mAB167&amp;#27;[0m                                    &amp;#27;[90m# AprenderCucumberSteps.queOTicketÉAF(String,String)&amp;#27;[0m
    &amp;#27;[32mDado &amp;#27;[0m&amp;#27;[32mque o ticket&amp;#27;[0m&amp;#27;[32m&amp;#27;[1m especial&amp;#27;[0m&amp;#27;[32m é &amp;#27;[0m&amp;#27;[32m&amp;#27;[1mAB167&amp;#27;[0m                           &amp;#27;[90m# AprenderCucumberSteps.queOTicketÉAF(String,String)&amp;#27;[0m
    &amp;#27;[32mDado &amp;#27;[0m&amp;#27;[32mque o valor da passagem é R$ &amp;#27;[0m&amp;#27;[32m&amp;#27;[1m1120,23&amp;#27;[0m                    &amp;#27;[90m# AprenderCucumberSteps.queOValorDaPassagemÉR$(Double)&amp;#27;[0m
    &amp;#27;[32mDado &amp;#27;[0m&amp;#27;[32mque o nome do passageiro é &quot;&amp;#27;[0m&amp;#27;[32m&amp;#27;[1mCicrano de Oliveira&amp;#27;[0m&amp;#27;[32m&quot;&amp;#27;[0m        &amp;#27;[90m# AprenderCucumberSteps.queONomeDoPassageiroÉ(String)&amp;#27;[0m
    &amp;#27;[32mDado &amp;#27;[0m&amp;#27;[32mque o telefone do passageiro é &amp;#27;[0m&amp;#27;[32m&amp;#27;[1m9888-8888&amp;#27;[0m                &amp;#27;[90m# AprenderCucumberSteps.queOTelefoneDoPassageiroÉ(String)&amp;#27;[0m
</system-out>
  </testcase>
  <testcase classname="Cenário: Deve negar todos os steps &quot;Dado&quot; dos cenários anteriores" name="Dado que o ticket é AG1234" time="0.016">
    <skipped/>
  </testcase>
  <testcase classname="Cenário: Deve negar todos os steps &quot;Dado&quot; dos cenários anteriores" name="Dado que o valor da passagem é R$ 1.1345,56" time="0.016">
    <skipped/>
  </testcase>
  <testcase classname="Cenário: Deve negar todos os steps &quot;Dado&quot; dos cenários anteriores" name="Dado que o nome do passageiro é &quot;Beltrano Souza Matos de Alcântara Azevedo&quot;" time="0.016">
    <skipped/>
  </testcase>
  <testcase classname="Cenário: Deve negar todos os steps &quot;Dado&quot; dos cenários anteriores" name="Dado que o telefone do passageiro é 1234-5678" time="0.016">
    <skipped/>
  </testcase>
  <testcase classname="Cenário: Deve negar todos os steps &quot;Dado&quot; dos cenários anteriores" name="Dado que o telefone do passageiro é 999-2223" time="0.016">
    <skipped/>
  </testcase>
  <testcase classname="Cenário: Deve negar todos os steps &quot;Dado&quot; dos cenários anteriores" name="Cenário: Deve negar todos os steps &quot;Dado&quot; dos cenários anteriores" time="0.016">
    <skipped/>
  </testcase>
  <testcase classname="Cenário: Deve negar todos os steps &quot;Dado&quot; dos cenários anteriores" name="Cenário: Deve negar todos os steps &quot;Dado&quot; dos cenários anteriores" time="0.016"/>
</testsuite>